<?xml version="1.0" encoding="UTF-8"?>
<!-- Generated by org.testng.reporters.JUnitReportReporter -->
<testsuite hostname="DESKTOP-60307E0" failures="0" tests="6" name="com.petstore.testcase.TC001_POST_UploadImage" time="12.309" errors="0" timestamp="2023-04-11T15:33:25 IST" skipped="0">
  <testcase classname="com.petstore.testcase.TC001_POST_UploadImage" name="vaidateStatuscode" time="0.004"/>
  <system-out/>
  <testcase classname="com.petstore.testcase.TC001_POST_UploadImage" name="validateStatusLine" time="0.003"/>
  <system-out/>
  <testcase classname="com.petstore.testcase.TC001_POST_UploadImage" name="ValidateResponseMessage" time="12.255"/>
  <system-out/>
  <testcase classname="com.petstore.testcase.TC001_POST_UploadImage" name="validateResponseBodyCode" time="0.022"/>
  <system-out/>
  <testcase classname="com.petstore.testcase.TC001_POST_UploadImage" name="validateResponseBodyType" time="0.018"/>
  <system-out/>
  <testcase classname="com.petstore.testcase.TC001_POST_UploadImage" name="validateResponseTime" time="0.007"/>
  <system-out/>
</testsuite> <!-- com.petstore.testcase.TC001_POST_UploadImage -->
