<?xml version="1.0" encoding="UTF-8"?>
<!-- Generated by org.testng.reporters.JUnitReportReporter -->
<testsuite hostname="DESKTOP-60307E0" failures="0" tests="6" name="com.petstore.testcase.TS001_POST_UploadImage" time="8.103" errors="0" timestamp="2023-04-13T00:24:59 IST" skipped="0">
  <testcase classname="com.petstore.testcase.TS001_POST_UploadImage" name="validateResponseBodyType" time="0.013"/>
  <system-out/>
  <testcase classname="com.petstore.testcase.TS001_POST_UploadImage" name="validateResponseTime" time="0.001"/>
  <system-out/>
  <testcase classname="com.petstore.testcase.TS001_POST_UploadImage" name="validateStatusLine" time="0.001"/>
  <system-out/>
  <testcase classname="com.petstore.testcase.TS001_POST_UploadImage" name="validateResponseBodyCode" time="0.020"/>
  <system-out/>
  <testcase classname="com.petstore.testcase.TS001_POST_UploadImage" name="ValidateResponseMessage" time="8.065"/>
  <system-out/>
  <testcase classname="com.petstore.testcase.TS001_POST_UploadImage" name="vaidateStatuscode" time="0.003"/>
  <system-out/>
</testsuite> <!-- com.petstore.testcase.TS001_POST_UploadImage -->
