<?xml version="1.0" encoding="UTF-8"?>
<!-- Generated by org.testng.reporters.JUnitReportReporter -->
<testsuite hostname="DESKTOP-60307E0" failures="0" tests="1" name="com.petstore.testcase.TS002_POST_UploadWithOutImage" time="2.758" errors="0" timestamp="2023-04-11T18:31:23 IST" skipped="0">
  <testcase classname="com.petstore.testcase.TS002_POST_UploadWithOutImage" name="ValidateResponseMessage" time="2.758"/>
  <system-out/>
</testsuite> <!-- com.petstore.testcase.TS002_POST_UploadWithOutImage -->
