<?xml version="1.0" encoding="UTF-8"?>
<!-- Generated by org.testng.reporters.JUnitReportReporter -->
<testsuite hostname="DESKTOP-60307E0" failures="0" tests="1" name="com.petstore.testcase.TS005_PUT_UpdatePetInfo" time="1.346" errors="0" timestamp="2023-04-13T00:24:59 IST" skipped="0">
  <testcase classname="com.petstore.testcase.TS005_PUT_UpdatePetInfo" name="updatePet" time="1.346"/>
  <system-out/>
</testsuite> <!-- com.petstore.testcase.TS005_PUT_UpdatePetInfo -->
