<?xml version="1.0" encoding="UTF-8"?>
<!-- Generated by org.testng.reporters.JUnitReportReporter -->
<testsuite hostname="DESKTOP-60307E0" failures="0" tests="9" name="com.petstore.testcase.TS003_POST_AddNewPet" time="3.992" errors="0" timestamp="2023-04-13T00:24:59 IST" skipped="0">
  <testcase classname="com.petstore.testcase.TS003_POST_AddNewPet" name="verifyResponseBodyTagName" time="0.030"/>
  <system-out/>
  <testcase classname="com.petstore.testcase.TS003_POST_AddNewPet" name="verifyResponseBodyCategoryId" time="0.910"/>
  <system-out/>
  <testcase classname="com.petstore.testcase.TS003_POST_AddNewPet" name="verifyResponseBodyphotoUrls" time="0.040"/>
  <system-out/>
  <testcase classname="com.petstore.testcase.TS003_POST_AddNewPet" name="verifyResponseBodyTagId" time="0.032"/>
  <system-out/>
  <testcase classname="com.petstore.testcase.TS003_POST_AddNewPet" name="verifyResponseBodyStatus" time="0.029"/>
  <system-out/>
  <testcase classname="com.petstore.testcase.TS003_POST_AddNewPet" name="verifyResponseBodyPatName" time="0.028"/>
  <system-out/>
  <testcase classname="com.petstore.testcase.TS003_POST_AddNewPet" name="verifyResponseBodyCategoryName" time="0.070"/>
  <system-out/>
  <testcase classname="com.petstore.testcase.TS003_POST_AddNewPet" name="addNewPet" time="2.777"/>
  <system-out/>
  <testcase classname="com.petstore.testcase.TS003_POST_AddNewPet" name="verifyResponseBodyID" time="0.076"/>
  <system-out/>
</testsuite> <!-- com.petstore.testcase.TS003_POST_AddNewPet -->
